npm warn Unknown project config "manage-package-manager-versions". This will stop working in the next major version of npm. See `npm help npmrc` for supported config options.
[2m23:53:56[22m [34m[vite][39m connected.
[2m23:53:57[22m [34m[types][39m Generated [2m1ms[22m
[2m23:53:57[22m [34m[vite][39m connected.
[2m23:53:57[22m [34m[content][39m Syncing content
[2m23:53:58[22m [34m[content][39m Synced content
[2m23:53:58[22m [34m[vite][39m Forced re-optimization of dependencies
[42m[1m astro [22m[49m [32mv7.0.0[39m [2mready in[22m 4552 [2mms[22m
[2m┃[22m Local    [36mhttp://localhost:3000/[39m
[2m┃[22m Network  [2muse --host to expose[22m
[2m23:53:58[22m [32mwatching for file changes...[39m
[2m00:00:07[22m [34m[200][39m / [2m1606ms[22m
[2m00:00:08[22m [34m[vite][39m [32m✨ new dependencies optimized: [33m@swup/astro/client/Swup, @swup/astro/client/SwupA11yPlugin, @swup/astro/client/SwupScriptsPlugin, @swup/astro/idle, @swup/astro/serialise[32m[39m
[2m00:00:08[22m [34m[200][39m /_image/ [2m96ms[22m
[2m00:00:08[22m [34m[200][39m /api/calendar-data.json [2m1ms[22m
[2m00:00:08[22m [34m[200][39m /_image/ [2m141ms[22m
[2m00:00:08[22m [34m[200][39m / [2m30ms[22m
[2m00:00:08[22m [34m[200][39m /api/calendar-data.json [2m1ms[22m
[2m00:00:55[22m [34m[200][39m / [2m26ms[22m
[2m00:00:55[22m [34m[200][39m /_image/ [2m44ms[22m
[2m00:00:55[22m [34m[200][39m /_image/ [2m133ms[22m
[2m00:02:13[22m [34m[watch][39m src/config/siteConfig.ts
[2m00:02:14[22m [34m[200][39m / [2m85ms[22m
[2m00:02:14[22m [34m[200][39m / [2m85ms[22m
[2m00:02:14[22m [34m[200][39m / [2m35ms[22m
[2m00:02:15[22m [34m[200][39m /api/calendar-data.json [2m1ms[22m
[2m00:02:15[22m [34m[200][39m / [2m25ms[22m
[2m00:02:15[22m [34m[200][39m /api/calendar-data.json [2m1ms[22m
[2m00:02:16[22m [34m[200][39m / [2m28ms[22m
[2m00:02:16[22m [34m[200][39m /api/calendar-data.json [2m1ms[22m
[2m00:05:22[22m [34m[200][39m / [2m36ms[22m
[2m00:07:59[22m [34m[200][39m /friends/ [2m142ms[22m
[2m00:08:10[22m [34m[200][39m / [2m26ms[22m
[2m00:37:17[22m [34m[watch][39m src/config/siteConfig.ts
